This is pdfTeX, Version 3.1415926-2.5-1.40.14 (MiKTeX 2.9) (preloaded format=pdflatex 2015.6.18)  18 JUN 2015 22:21
entering extended mode
**mtcars.tex

("C:\Users\abrun_000\Dropbox\Data Science\Portfolio\multiple regression\mtcars.
tex"
LaTeX2e <2011/06/27>
Babel <v3.8m> and hyphenation patterns for english, afrikaans, ancientgreek, ar
abic, armenian, assamese, basque, bengali, bokmal, bulgarian, catalan, coptic, 
croatian, czech, danish, dutch, esperanto, estonian, farsi, finnish, french, ga
lician, german, german-x-2013-05-26, greek, gujarati, hindi, hungarian, iceland
ic, indonesian, interlingua, irish, italian, kannada, kurmanji, latin, latvian,
 lithuanian, malayalam, marathi, mongolian, mongolianlmc, monogreek, ngerman, n
german-x-2013-05-26, nynorsk, oriya, panjabi, pinyin, polish, portuguese, roman
ian, russian, sanskrit, serbian, slovak, slovenian, spanish, swedish, swissgerm
an, tamil, telugu, turkish, turkmen, ukenglish, ukrainian, uppersorbian, usengl
ishmax, welsh, loaded.
("C:\Program Files (x86)\MiKTeX 2.9\tex\latex\base\article.cls"
Document Class: article 2007/10/19 v1.4h Standard LaTeX document class
("C:\Program Files (x86)\MiKTeX 2.9\tex\latex\base\size10.clo"
File: size10.clo 2007/10/19 v1.4h Standard LaTeX file (size option)
)
\c@part=\count79
\c@section=\count80
\c@subsection=\count81
\c@subsubsection=\count82
\c@paragraph=\count83
\c@subparagraph=\count84
\c@figure=\count85
\c@table=\count86
\abovecaptionskip=\skip41
\belowcaptionskip=\skip42
\bibindent=\dimen102
)
("C:\Program Files (x86)\MiKTeX 2.9\tex\latex\base\inputenc.sty"
Package: inputenc 2008/03/30 v1.1d Input encoding file
\inpenc@prehook=\toks14
\inpenc@posthook=\toks15

("C:\Program Files (x86)\MiKTeX 2.9\tex\latex\base\latin1.def"
File: latin1.def 2008/03/30 v1.1d Input encoding file
))
("C:\Program Files (x86)\MiKTeX 2.9\tex\latex\amsmath\amsmath.sty"
Package: amsmath 2013/01/14 v2.14 AMS math features
\@mathmargin=\skip43

For additional information on amsmath, use the `?' option.
("C:\Program Files (x86)\MiKTeX 2.9\tex\latex\amsmath\amstext.sty"
Package: amstext 2000/06/29 v2.01

("C:\Program Files (x86)\MiKTeX 2.9\tex\latex\amsmath\amsgen.sty"
File: amsgen.sty 1999/11/30 v2.0
\@emptytoks=\toks16
\ex@=\dimen103
))
("C:\Program Files (x86)\MiKTeX 2.9\tex\latex\amsmath\amsbsy.sty"
Package: amsbsy 1999/11/29 v1.2d
\pmbraise@=\dimen104
)
("C:\Program Files (x86)\MiKTeX 2.9\tex\latex\amsmath\amsopn.sty"
Package: amsopn 1999/12/14 v2.01 operator names
)
\inf@bad=\count87
LaTeX Info: Redefining \frac on input line 210.
\uproot@=\count88
\leftroot@=\count89
LaTeX Info: Redefining \overline on input line 306.
\classnum@=\count90
\DOTSCASE@=\count91
LaTeX Info: Redefining \ldots on input line 378.
LaTeX Info: Redefining \dots on input line 381.
LaTeX Info: Redefining \cdots on input line 466.
\Mathstrutbox@=\box26
\strutbox@=\box27
\big@size=\dimen105
LaTeX Font Info:    Redeclaring font encoding OML on input line 566.
LaTeX Font Info:    Redeclaring font encoding OMS on input line 567.
\macc@depth=\count92
\c@MaxMatrixCols=\count93
\dotsspace@=\muskip10
\c@parentequation=\count94
\dspbrk@lvl=\count95
\tag@help=\toks17
\row@=\count96
\column@=\count97
\maxfields@=\count98
\andhelp@=\toks18
\eqnshift@=\dimen106
\alignsep@=\dimen107
\tagshift@=\dimen108
\tagwidth@=\dimen109
\totwidth@=\dimen110
\lineht@=\dimen111
\@envbody=\toks19
\multlinegap=\skip44
\multlinetaggap=\skip45
\mathdisplay@stack=\toks20
LaTeX Info: Redefining \[ on input line 2665.
LaTeX Info: Redefining \] on input line 2666.
)
("C:\Program Files (x86)\MiKTeX 2.9\tex\latex\amsfonts\amsfonts.sty"
Package: amsfonts 2013/01/14 v3.01 Basic AMSFonts support
\symAMSa=\mathgroup4
\symAMSb=\mathgroup5
LaTeX Font Info:    Overwriting math alphabet `\mathfrak' in version `bold'
(Font)                  U/euf/m/n --> U/euf/b/n on input line 106.
)
("C:\Program Files (x86)\MiKTeX 2.9\tex\latex\amsfonts\amssymb.sty"
Package: amssymb 2013/01/14 v3.01 AMS font symbols
)
("C:\Program Files (x86)\MiKTeX 2.9\tex\latex\graphics\graphicx.sty"
Package: graphicx 1999/02/16 v1.0f Enhanced LaTeX Graphics (DPC,SPQR)

("C:\Program Files (x86)\MiKTeX 2.9\tex\latex\graphics\keyval.sty"
Package: keyval 1999/03/16 v1.13 key=value parser (DPC)
\KV@toks@=\toks21
)
("C:\Program Files (x86)\MiKTeX 2.9\tex\latex\graphics\graphics.sty"
Package: graphics 2009/02/05 v1.0o Standard LaTeX Graphics (DPC,SPQR)

("C:\Program Files (x86)\MiKTeX 2.9\tex\latex\graphics\trig.sty"
Package: trig 1999/03/16 v1.09 sin cos tan (DPC)
)
("C:\Program Files (x86)\MiKTeX 2.9\tex\latex\00miktex\graphics.cfg"
File: graphics.cfg 2007/01/18 v1.5 graphics configuration of teTeX/TeXLive
)
Package graphics Info: Driver file: pdftex.def on input line 91.

("C:\Program Files (x86)\MiKTeX 2.9\tex\latex\pdftex-def\pdftex.def"
File: pdftex.def 2011/05/27 v0.06d Graphics/color for pdfTeX

("C:\Program Files (x86)\MiKTeX 2.9\tex\generic\oberdiek\infwarerr.sty"
Package: infwarerr 2010/04/08 v1.3 Providing info/warning/error messages (HO)
)
("C:\Program Files (x86)\MiKTeX 2.9\tex\generic\oberdiek\ltxcmds.sty"
Package: ltxcmds 2011/11/09 v1.22 LaTeX kernel commands for general use (HO)
)
\Gread@gobject=\count99
))
\Gin@req@height=\dimen112
\Gin@req@width=\dimen113
)
("C:\Users\abrun_000\Dropbox\Data Science\Portfolio\multiple regression\mtcars.
aux")
LaTeX Font Info:    Checking defaults for OML/cmm/m/it on input line 9.
LaTeX Font Info:    ... okay on input line 9.
LaTeX Font Info:    Checking defaults for T1/cmr/m/n on input line 9.
LaTeX Font Info:    ... okay on input line 9.
LaTeX Font Info:    Checking defaults for OT1/cmr/m/n on input line 9.
LaTeX Font Info:    ... okay on input line 9.
LaTeX Font Info:    Checking defaults for OMS/cmsy/m/n on input line 9.
LaTeX Font Info:    ... okay on input line 9.
LaTeX Font Info:    Checking defaults for OMX/cmex/m/n on input line 9.
LaTeX Font Info:    ... okay on input line 9.
LaTeX Font Info:    Checking defaults for U/cmr/m/n on input line 9.
LaTeX Font Info:    ... okay on input line 9.

(C:\Users\abrun_000\AppData\Roaming\MiKTeX\2.9\tex\context\base\supp-pdf.mkii
[Loading MPS to PDF converter (version 2006.09.02).]
\scratchcounter=\count100
\scratchdimen=\dimen114
\scratchbox=\box28
\nofMPsegments=\count101
\nofMParguments=\count102
\everyMPshowfont=\toks22
\MPscratchCnt=\count103
\MPscratchDim=\dimen115
\MPnumerator=\count104
\makeMPintoPDFobject=\count105
\everyMPtoPDFconversion=\toks23
)
LaTeX Font Info:    Try loading font information for U+msa on input line 24.
 ("C:\Program Files (x86)\MiKTeX 2.9\tex\latex\amsfonts\umsa.fd"
File: umsa.fd 2013/01/14 v3.01 AMS symbols A
)
LaTeX Font Info:    Try loading font information for U+msb on input line 24.

("C:\Program Files (x86)\MiKTeX 2.9\tex\latex\amsfonts\umsb.fd"
File: umsb.fd 2013/01/14 v3.01 AMS symbols B
)
<Rplot.png, id=1, 450.9347pt x 266.49562pt>
File: Rplot.png Graphic file (type png)
 <use Rplot.png>
Package pdftex.def Info: Rplot.png used on input line 30.
(pdftex.def)             Requested size: 450.9336pt x 266.49496pt.

Overfull \hbox (105.9336pt too wide) in paragraph at lines 30--31
 [][] 
 []


Overfull \hbox (38.24666pt too wide) in paragraph at lines 51--51
[]\OT1/cmtt/m/n/10 Model 1: mpg ~ cyl + disp + hp + drat + wt + qsec + vs + am 
+ gear + carb[] 
 []

[1

{C:/Users/abrun_000/AppData/Local/MiKTeX/2.9/pdftex/config/pdftex.map}]
[2 <C:/Users/abrun_000/Dropbox/Data Science/Portfolio/multiple regression/Rplot
.png>] [3]
LaTeX Font Info:    Try loading font information for OMS+cmr on input line 87.
 ("C:\Program Files (x86)\MiKTeX 2.9\tex\latex\base\omscmr.fd"
File: omscmr.fd 1999/05/25 v2.5h Standard LaTeX font definitions
)
LaTeX Font Info:    Font shape `OMS/cmr/m/n' in size <10> not available
(Font)              Font shape `OMS/cmsy/m/n' tried instead on input line 87.

Overfull \hbox (4.52126pt too wide) in paragraph at lines 93--93
[]\OT1/cmr/bx/n/14.4 Inspection for re-la-tion-ship be-tween de-pen-dent
 []


Overfull \hbox (22.4968pt too wide) in paragraph at lines 115--115
[]\OT1/cmtt/m/n/10 mpg   1.00 -0.85 -0.85 -0.78  0.68 -0.87  0.42  0.66  0.60  
0.48 -0.55[] 
 []


Overfull \hbox (22.4968pt too wide) in paragraph at lines 115--115
[]\OT1/cmtt/m/n/10 cyl  -0.85  1.00  0.90  0.83 -0.70  0.78 -0.59 -0.81 -0.52 -
0.49  0.53[] 
 []


Overfull \hbox (22.4968pt too wide) in paragraph at lines 115--115
[]\OT1/cmtt/m/n/10 disp -0.85  0.90  1.00  0.79 -0.71  0.89 -0.43 -0.71 -0.59 -
0.56  0.39[] 
 []


Overfull \hbox (22.4968pt too wide) in paragraph at lines 115--115
[]\OT1/cmtt/m/n/10 hp   -0.78  0.83  0.79  1.00 -0.45  0.66 -0.71 -0.72 -0.24 -
0.13  0.75[] 
 []


Overfull \hbox (22.4968pt too wide) in paragraph at lines 115--115
[]\OT1/cmtt/m/n/10 drat  0.68 -0.70 -0.71 -0.45  1.00 -0.71  0.09  0.44  0.71  
0.70 -0.09[] 
 []


Overfull \hbox (22.4968pt too wide) in paragraph at lines 115--115
[]\OT1/cmtt/m/n/10 wt   -0.87  0.78  0.89  0.66 -0.71  1.00 -0.17 -0.55 -0.69 -
0.58  0.43[] 
 []


Overfull \hbox (22.4968pt too wide) in paragraph at lines 115--115
[]\OT1/cmtt/m/n/10 qsec  0.42 -0.59 -0.43 -0.71  0.09 -0.17  1.00  0.74 -0.23 -
0.21 -0.66[] 
 []


Overfull \hbox (22.4968pt too wide) in paragraph at lines 115--115
[]\OT1/cmtt/m/n/10 vs    0.66 -0.81 -0.71 -0.72  0.44 -0.55  0.74  1.00  0.17  
0.21 -0.57[] 
 []


Overfull \hbox (22.4968pt too wide) in paragraph at lines 115--115
[]\OT1/cmtt/m/n/10 am    0.60 -0.52 -0.59 -0.24  0.71 -0.69 -0.23  0.17  1.00  
0.79  0.06[] 
 []


Overfull \hbox (22.4968pt too wide) in paragraph at lines 115--115
[]\OT1/cmtt/m/n/10 gear  0.48 -0.49 -0.56 -0.13  0.70 -0.58 -0.21  0.21  0.79  
1.00  0.27[] 
 []


Overfull \hbox (22.4968pt too wide) in paragraph at lines 115--115
[]\OT1/cmtt/m/n/10 carb -0.55  0.53  0.39  0.75 -0.09  0.43 -0.66 -0.57  0.06  
0.27  1.00[] 
 []

<scatterplot_matrix.png, id=19, 499.8675pt x 496.10344pt>
File: scatterplot_matrix.png Graphic file (type png)

<use scatterplot_matrix.png>
Package pdftex.def Info: scatterplot_matrix.png used on input line 120.
(pdftex.def)             Requested size: 345.0pt x 342.41014pt.
 [4] [5 <C:/Users/abrun_000/Dropbox/Data Science/Portfolio/multiple regression/
scatterplot_matrix.png>]
<residuals.png, id=29, 1204.5pt x 712.6625pt>
File: residuals.png Graphic file (type png)
 <use residuals.png>
Package pdftex.def Info: residuals.png used on input line 138.
(pdftex.def)             Requested size: 413.99895pt x 244.9445pt.

Overfull \hbox (68.99895pt too wide) in paragraph at lines 138--139
 [][] 
 []

[6 <C:/Users/abrun_000/Dropbox/Data Science/Portfolio/multiple regression/resid
uals.png>]
("C:\Users\abrun_000\Dropbox\Data Science\Portfolio\multiple regression\mtcars.
aux") ) 
Here is how much of TeX's memory you used:
 2080 strings out of 493921
 26450 string characters out of 3144864
 80018 words of memory out of 3000000
 5372 multiletter control sequences out of 15000+200000
 8037 words of font info for 31 fonts, out of 3000000 for 9000
 841 hyphenation exceptions out of 8191
 27i,5n,24p,530b,249s stack positions out of 5000i,500n,10000p,200000b,50000s
<C:/Program Files (x86)/MiKTeX 2.9/fonts/type1/public/amsfonts/cm/cmbx10
.pfb><C:/Program Files (x86)/MiKTeX 2.9/fonts/type1/public/amsfonts/cm/cmbx12.p
fb><C:/Program Files (x86)/MiKTeX 2.9/fonts/type1/public/amsfonts/cm/cmbxti10.p
fb><C:/Program Files (x86)/MiKTeX 2.9/fonts/type1/public/amsfonts/cm/cmmi10.pfb
><C:/Program Files (x86)/MiKTeX 2.9/fonts/type1/public/amsfonts/cm/cmr10.pfb><C
:/Program Files (x86)/MiKTeX 2.9/fonts/type1/public/amsfonts/cm/cmsy10.pfb><C:/
Program Files (x86)/MiKTeX 2.9/fonts/type1/public/amsfonts/cm/cmti10.pfb><C:/Pr
ogram Files (x86)/MiKTeX 2.9/fonts/type1/public/amsfonts/cm/cmtt10.pfb>
Output written on mtcars.pdf (6 pages, 161014 bytes).
PDF statistics:
 59 PDF objects out of 1000 (max. 8388607)
 0 named destinations out of 1000 (max. 500000)
 16 words of extra memory for PDF output out of 10000 (max. 10000000)

